Detecting IPv4 via CloudFlare
DuckDNS request at Mon Nov 10 15:58:46 UTC 2025 successful. IP(s) unchanged.
Detecting IPv4 via CloudFlare
Your IP was updated at Mon Nov 10 16:02:00 UTC 2025 to IPv4: 35.175.183.152
Detecting IPv4 via CloudFlare
Your IP was updated at Mon Nov 10 16:04:43 UTC 2025 to IPv4: 35.175.183.152
Detecting IPv4 via CloudFlare
DuckDNS request at Mon Nov 10 16:07:16 UTC 2025 successful. IP(s) unchanged.
Detecting IPv4 via CloudFlare
DuckDNS request at Mon Nov 10 16:11:32 UTC 2025 successful. IP(s) unchanged.
Detecting IPv4 via CloudFlare
DuckDNS request at Mon Nov 10 16:17:23 UTC 2025 successful. IP(s) unchanged.
Detecting IPv4 via CloudFlare
Your IP was updated at Thu Nov 13 16:27:31 UTC 2025 to IPv4: 3.94.166.251
Detecting IPv4 via CloudFlare
DuckDNS request at Thu Nov 13 16:31:33 UTC 2025 successful. IP(s) unchanged.
Detecting IPv4 via CloudFlare
DuckDNS request at Thu Nov 13 16:37:36 UTC 2025 successful. IP(s) unchanged.
Detecting IPv4 via CloudFlare
DuckDNS request at Thu Nov 13 16:41:31 UTC 2025 successful. IP(s) unchanged.
Detecting IPv4 via CloudFlare
DuckDNS request at Thu Nov 13 16:46:44 UTC 2025 successful. IP(s) unchanged.
Detecting IPv4 via CloudFlare
DuckDNS request at Thu Nov 13 16:52:14 UTC 2025 successful. IP(s) unchanged.
Detecting IPv4 via CloudFlare
DuckDNS request at Thu Nov 13 16:56:14 UTC 2025 successful. IP(s) unchanged.
Detecting IPv4 via CloudFlare
DuckDNS request at Thu Nov 13 17:04:12 UTC 2025 successful. IP(s) unchanged.
Detecting IPv4 via CloudFlare
DuckDNS request at Thu Nov 13 17:07:11 UTC 2025 successful. IP(s) unchanged.
Detecting IPv4 via CloudFlare
DuckDNS request at Thu Nov 13 17:12:11 UTC 2025 successful. IP(s) unchanged.
Detecting IPv4 via CloudFlare
DuckDNS request at Thu Nov 13 17:16:09 UTC 2025 successful. IP(s) unchanged.
Detecting IPv4 via CloudFlare
DuckDNS request at Thu Nov 13 17:21:36 UTC 2025 successful. IP(s) unchanged.
Detecting IPv4 via CloudFlare
DuckDNS request at Thu Nov 13 17:29:24 UTC 2025 successful. IP(s) unchanged.
Detecting IPv4 via CloudFlare
DuckDNS request at Thu Nov 13 17:34:27 UTC 2025 successful. IP(s) unchanged.
Detecting IPv4 via CloudFlare
DuckDNS request at Thu Nov 13 17:37:11 UTC 2025 successful. IP(s) unchanged.
Detecting IPv4 via CloudFlare
DuckDNS request at Thu Nov 13 17:42:46 UTC 2025 successful. IP(s) unchanged.
Detecting IPv4 via CloudFlare
DuckDNS request at Thu Nov 13 17:48:22 UTC 2025 successful. IP(s) unchanged.
Detecting IPv4 via CloudFlare
DuckDNS request at Thu Nov 13 17:52:11 UTC 2025 successful. IP(s) unchanged.
Detecting IPv4 via CloudFlare
DuckDNS request at Thu Nov 13 17:56:58 UTC 2025 successful. IP(s) unchanged.
Detecting IPv4 via CloudFlare
DuckDNS request at Thu Nov 13 18:03:31 UTC 2025 successful. IP(s) unchanged.
Detecting IPv4 via CloudFlare
DuckDNS request at Thu Nov 13 18:08:54 UTC 2025 successful. IP(s) unchanged.
Detecting IPv4 via CloudFlare
DuckDNS request at Thu Nov 13 18:11:55 UTC 2025 successful. IP(s) unchanged.
Detecting IPv4 via CloudFlare
DuckDNS request at Thu Nov 13 18:17:21 UTC 2025 successful. IP(s) unchanged.
Detecting IPv4 via CloudFlare
DuckDNS request at Thu Nov 13 18:24:24 UTC 2025 successful. IP(s) unchanged.
Detecting IPv4 via CloudFlare
DuckDNS request at Thu Nov 13 18:26:04 UTC 2025 successful. IP(s) unchanged.
Detecting IPv4 via CloudFlare
DuckDNS request at Thu Nov 13 18:32:59 UTC 2025 successful. IP(s) unchanged.
Detecting IPv4 via CloudFlare
DuckDNS request at Thu Nov 13 18:37:26 UTC 2025 successful. IP(s) unchanged.
Detecting IPv4 via CloudFlare
Your IP was updated at Wed Nov 19 18:34:52 UTC 2025 to IPv4: 54.221.82.93
Detecting IPv4 via CloudFlare
DuckDNS request at Wed Nov 19 18:36:53 UTC 2025 successful. IP(s) unchanged.
Detecting IPv4 via CloudFlare
DuckDNS request at Wed Nov 19 18:41:08 UTC 2025 successful. IP(s) unchanged.
Detecting IPv4 via CloudFlare
DuckDNS request at Wed Nov 19 18:46:03 UTC 2025 successful. IP(s) unchanged.
Detecting IPv4 via CloudFlare
DuckDNS request at Wed Nov 19 18:51:38 UTC 2025 successful. IP(s) unchanged.
Detecting IPv4 via CloudFlare
DuckDNS request at Wed Nov 19 18:57:20 UTC 2025 successful. IP(s) unchanged.
Detecting IPv4 via CloudFlare
DuckDNS request at Wed Nov 19 19:01:17 UTC 2025 successful. IP(s) unchanged.
Detecting IPv4 via CloudFlare
DuckDNS request at Wed Nov 19 19:09:42 UTC 2025 successful. IP(s) unchanged.
Detecting IPv4 via CloudFlare
DuckDNS request at Wed Nov 19 19:13:24 UTC 2025 successful. IP(s) unchanged.
Detecting IPv4 via CloudFlare
DuckDNS request at Wed Nov 19 19:18:52 UTC 2025 successful. IP(s) unchanged.
Detecting IPv4 via CloudFlare
DuckDNS request at Wed Nov 19 19:21:41 UTC 2025 successful. IP(s) unchanged.
Detecting IPv4 via CloudFlare
DuckDNS request at Wed Nov 19 19:26:56 UTC 2025 successful. IP(s) unchanged.
Detecting IPv4 via CloudFlare
DuckDNS request at Wed Nov 19 19:34:38 UTC 2025 successful. IP(s) unchanged.
Detecting IPv4 via CloudFlare
DuckDNS request at Wed Nov 19 19:38:40 UTC 2025 successful. IP(s) unchanged.
Detecting IPv4 via CloudFlare
DuckDNS request at Wed Nov 19 19:43:31 UTC 2025 successful. IP(s) unchanged.
Detecting IPv4 via CloudFlare
DuckDNS request at Wed Nov 19 19:48:49 UTC 2025 successful. IP(s) unchanged.
Detecting IPv4 via CloudFlare
DuckDNS request at Wed Nov 19 19:54:31 UTC 2025 successful. IP(s) unchanged.
Detecting IPv4 via CloudFlare
DuckDNS request at Wed Nov 19 19:59:44 UTC 2025 successful. IP(s) unchanged.
Detecting IPv4 via CloudFlare
DuckDNS request at Wed Nov 19 20:03:51 UTC 2025 successful. IP(s) unchanged.
Detecting IPv4 via CloudFlare
DuckDNS request at Wed Nov 19 20:09:39 UTC 2025 successful. IP(s) unchanged.
Detecting IPv4 via CloudFlare
DuckDNS request at Wed Nov 19 20:12:25 UTC 2025 successful. IP(s) unchanged.
Detecting IPv4 via CloudFlare
DuckDNS request at Wed Nov 19 20:16:11 UTC 2025 successful. IP(s) unchanged.
Detecting IPv4 via CloudFlare
DuckDNS request at Wed Nov 19 20:21:01 UTC 2025 successful. IP(s) unchanged.
Detecting IPv4 via CloudFlare
DuckDNS request at Wed Nov 19 20:27:32 UTC 2025 successful. IP(s) unchanged.
Detecting IPv4 via CloudFlare
DuckDNS request at Wed Nov 19 20:31:37 UTC 2025 successful. IP(s) unchanged.
Detecting IPv4 via CloudFlare
DuckDNS request at Wed Nov 19 20:37:14 UTC 2025 successful. IP(s) unchanged.
Detecting IPv4 via CloudFlare
DuckDNS request at Wed Nov 19 20:42:32 UTC 2025 successful. IP(s) unchanged.
Detecting IPv4 via CloudFlare
DuckDNS request at Wed Nov 19 20:47:29 UTC 2025 successful. IP(s) unchanged.
Detecting IPv4 via CloudFlare
DuckDNS request at Wed Nov 19 20:53:26 UTC 2025 successful. IP(s) unchanged.
Detecting IPv4 via CloudFlare
DuckDNS request at Wed Nov 19 20:59:36 UTC 2025 successful. IP(s) unchanged.
Detecting IPv4 via CloudFlare
DuckDNS request at Wed Nov 19 21:03:30 UTC 2025 successful. IP(s) unchanged.
Detecting IPv4 via CloudFlare
DuckDNS request at Wed Nov 19 21:08:44 UTC 2025 successful. IP(s) unchanged.
Detecting IPv4 via CloudFlare
DuckDNS request at Wed Nov 19 21:14:33 UTC 2025 successful. IP(s) unchanged.
Detecting IPv4 via CloudFlare
Your IP was updated at Thu Nov 20 11:34:23 UTC 2025 to IPv4: 54.90.132.173
Detecting IPv4 via CloudFlare
DuckDNS request at Thu Nov 20 11:36:56 UTC 2025 successful. IP(s) unchanged.
Detecting IPv4 via CloudFlare
DuckDNS request at Thu Nov 20 11:41:10 UTC 2025 successful. IP(s) unchanged.
Detecting IPv4 via CloudFlare
DuckDNS request at Thu Nov 20 11:49:32 UTC 2025 successful. IP(s) unchanged.
Detecting IPv4 via CloudFlare
DuckDNS request at Thu Nov 20 11:54:28 UTC 2025 successful. IP(s) unchanged.
Detecting IPv4 via CloudFlare
DuckDNS request at Thu Nov 20 11:58:32 UTC 2025 successful. IP(s) unchanged.
Detecting IPv4 via CloudFlare
DuckDNS request at Thu Nov 20 12:03:16 UTC 2025 successful. IP(s) unchanged.
Detecting IPv4 via CloudFlare
DuckDNS request at Thu Nov 20 12:07:56 UTC 2025 successful. IP(s) unchanged.
Detecting IPv4 via CloudFlare
DuckDNS request at Thu Nov 20 12:13:13 UTC 2025 successful. IP(s) unchanged.
Detecting IPv4 via CloudFlare
DuckDNS request at Thu Nov 20 12:18:02 UTC 2025 successful. IP(s) unchanged.
Detecting IPv4 via CloudFlare
DuckDNS request at Thu Nov 20 12:21:45 UTC 2025 successful. IP(s) unchanged.
Detecting IPv4 via CloudFlare
DuckDNS request at Thu Nov 20 12:28:33 UTC 2025 successful. IP(s) unchanged.
Detecting IPv4 via CloudFlare
DuckDNS request at Thu Nov 20 12:32:30 UTC 2025 successful. IP(s) unchanged.
Detecting IPv4 via CloudFlare
DuckDNS request at Thu Nov 20 12:37:10 UTC 2025 successful. IP(s) unchanged.
Detecting IPv4 via CloudFlare
DuckDNS request at Thu Nov 20 12:43:59 UTC 2025 successful. IP(s) unchanged.
Detecting IPv4 via CloudFlare
DuckDNS request at Thu Nov 20 12:48:04 UTC 2025 successful. IP(s) unchanged.
Detecting IPv4 via CloudFlare
DuckDNS request at Thu Nov 20 12:53:30 UTC 2025 successful. IP(s) unchanged.
Detecting IPv4 via CloudFlare
DuckDNS request at Thu Nov 20 12:56:15 UTC 2025 successful. IP(s) unchanged.
Detecting IPv4 via CloudFlare
DuckDNS request at Thu Nov 20 13:04:40 UTC 2025 successful. IP(s) unchanged.
Detecting IPv4 via CloudFlare
DuckDNS request at Thu Nov 20 13:07:15 UTC 2025 successful. IP(s) unchanged.
Detecting IPv4 via CloudFlare
DuckDNS request at Thu Nov 20 13:13:49 UTC 2025 successful. IP(s) unchanged.
Detecting IPv4 via CloudFlare
DuckDNS request at Thu Nov 20 13:18:40 UTC 2025 successful. IP(s) unchanged.
Detecting IPv4 via CloudFlare
DuckDNS request at Thu Nov 20 13:22:26 UTC 2025 successful. IP(s) unchanged.
Detecting IPv4 via CloudFlare
DuckDNS request at Thu Nov 20 13:28:29 UTC 2025 successful. IP(s) unchanged.
Detecting IPv4 via CloudFlare
DuckDNS request at Thu Nov 20 13:32:17 UTC 2025 successful. IP(s) unchanged.
Detecting IPv4 via CloudFlare
DuckDNS request at Thu Nov 20 13:39:27 UTC 2025 successful. IP(s) unchanged.
Detecting IPv4 via CloudFlare
DuckDNS request at Thu Nov 20 13:41:51 UTC 2025 successful. IP(s) unchanged.
Detecting IPv4 via CloudFlare
DuckDNS request at Thu Nov 20 13:49:17 UTC 2025 successful. IP(s) unchanged.
Detecting IPv4 via CloudFlare
DuckDNS request at Thu Nov 20 13:52:41 UTC 2025 successful. IP(s) unchanged.
Detecting IPv4 via CloudFlare
DuckDNS request at Thu Nov 20 13:57:55 UTC 2025 successful. IP(s) unchanged.
Detecting IPv4 via CloudFlare
DuckDNS request at Thu Nov 20 14:01:52 UTC 2025 successful. IP(s) unchanged.
Detecting IPv4 via CloudFlare
DuckDNS request at Thu Nov 20 14:09:00 UTC 2025 successful. IP(s) unchanged.
Detecting IPv4 via CloudFlare
DuckDNS request at Thu Nov 20 14:13:17 UTC 2025 successful. IP(s) unchanged.
Detecting IPv4 via CloudFlare
DuckDNS request at Thu Nov 20 14:19:22 UTC 2025 successful. IP(s) unchanged.
Detecting IPv4 via CloudFlare
DuckDNS request at Thu Nov 20 14:24:33 UTC 2025 successful. IP(s) unchanged.
Detecting IPv4 via CloudFlare
DuckDNS request at Thu Nov 20 14:26:09 UTC 2025 successful. IP(s) unchanged.
Detecting IPv4 via CloudFlare
DuckDNS request at Thu Nov 20 14:33:43 UTC 2025 successful. IP(s) unchanged.
Detecting IPv4 via CloudFlare
DuckDNS request at Thu Nov 20 14:37:48 UTC 2025 successful. IP(s) unchanged.
Detecting IPv4 via CloudFlare
DuckDNS request at Thu Nov 20 14:41:39 UTC 2025 successful. IP(s) unchanged.
Detecting IPv4 via CloudFlare
DuckDNS request at Thu Nov 20 14:46:26 UTC 2025 successful. IP(s) unchanged.
Detecting IPv4 via CloudFlare
DuckDNS request at Thu Nov 20 14:53:45 UTC 2025 successful. IP(s) unchanged.
Detecting IPv4 via CloudFlare
DuckDNS request at Thu Nov 20 14:59:46 UTC 2025 successful. IP(s) unchanged.
Detecting IPv4 via CloudFlare
DuckDNS request at Thu Nov 20 15:03:25 UTC 2025 successful. IP(s) unchanged.
Detecting IPv4 via CloudFlare
DuckDNS request at Thu Nov 20 15:06:11 UTC 2025 successful. IP(s) unchanged.
Detecting IPv4 via CloudFlare
DuckDNS request at Thu Nov 20 15:12:03 UTC 2025 successful. IP(s) unchanged.
Detecting IPv4 via CloudFlare
DuckDNS request at Thu Nov 20 15:17:28 UTC 2025 successful. IP(s) unchanged.
Detecting IPv4 via CloudFlare
Your IP was updated at Thu Nov 20 16:26:19 UTC 2025 to IPv4: 100.27.201.17
Detecting IPv4 via CloudFlare
DuckDNS request at Thu Nov 20 16:32:17 UTC 2025 successful. IP(s) unchanged.
Detecting IPv4 via CloudFlare
DuckDNS request at Thu Nov 20 16:37:58 UTC 2025 successful. IP(s) unchanged.
Detecting IPv4 via CloudFlare
DuckDNS request at Thu Nov 20 16:42:56 UTC 2025 successful. IP(s) unchanged.
Detecting IPv4 via CloudFlare
DuckDNS request at Thu Nov 20 16:46:47 UTC 2025 successful. IP(s) unchanged.
Detecting IPv4 via CloudFlare
DuckDNS request at Thu Nov 20 16:54:47 UTC 2025 successful. IP(s) unchanged.
Detecting IPv4 via CloudFlare
DuckDNS request at Thu Nov 20 16:56:27 UTC 2025 successful. IP(s) unchanged.
Detecting IPv4 via CloudFlare
DuckDNS request at Thu Nov 20 17:01:49 UTC 2025 successful. IP(s) unchanged.
Detecting IPv4 via CloudFlare
DuckDNS request at Thu Nov 20 17:07:32 UTC 2025 successful. IP(s) unchanged.
Detecting IPv4 via CloudFlare
DuckDNS request at Thu Nov 20 17:13:24 UTC 2025 successful. IP(s) unchanged.
Detecting IPv4 via CloudFlare
DuckDNS request at Thu Nov 20 17:19:34 UTC 2025 successful. IP(s) unchanged.
Detecting IPv4 via CloudFlare
DuckDNS request at Thu Nov 20 17:21:21 UTC 2025 successful. IP(s) unchanged.
Detecting IPv4 via CloudFlare
DuckDNS request at Thu Nov 20 17:29:00 UTC 2025 successful. IP(s) unchanged.
Detecting IPv4 via CloudFlare
DuckDNS request at Thu Nov 20 17:31:52 UTC 2025 successful. IP(s) unchanged.
Detecting IPv4 via CloudFlare
DuckDNS request at Thu Nov 20 17:36:23 UTC 2025 successful. IP(s) unchanged.
Detecting IPv4 via CloudFlare
DuckDNS request at Thu Nov 20 17:44:49 UTC 2025 successful. IP(s) unchanged.
Detecting IPv4 via CloudFlare
DuckDNS request at Thu Nov 20 17:48:51 UTC 2025 successful. IP(s) unchanged.
Detecting IPv4 via CloudFlare
DuckDNS request at Thu Nov 20 17:54:31 UTC 2025 successful. IP(s) unchanged.
Detecting IPv4 via CloudFlare
DuckDNS request at Thu Nov 20 17:56:31 UTC 2025 successful. IP(s) unchanged.
Detecting IPv4 via CloudFlare
DuckDNS request at Thu Nov 20 18:02:56 UTC 2025 successful. IP(s) unchanged.
Detecting IPv4 via CloudFlare
DuckDNS request at Thu Nov 20 18:06:02 UTC 2025 successful. IP(s) unchanged.
Detecting IPv4 via CloudFlare
DuckDNS request at Thu Nov 20 18:11:47 UTC 2025 successful. IP(s) unchanged.
Detecting IPv4 via CloudFlare
DuckDNS request at Thu Nov 20 18:16:15 UTC 2025 successful. IP(s) unchanged.
Detecting IPv4 via CloudFlare
DuckDNS request at Thu Nov 20 18:22:31 UTC 2025 successful. IP(s) unchanged.
Detecting IPv4 via CloudFlare
DuckDNS request at Thu Nov 20 18:28:30 UTC 2025 successful. IP(s) unchanged.
Detecting IPv4 via CloudFlare
DuckDNS request at Thu Nov 20 18:32:20 UTC 2025 successful. IP(s) unchanged.
Detecting IPv4 via CloudFlare
DuckDNS request at Thu Nov 20 18:37:44 UTC 2025 successful. IP(s) unchanged.
Detecting IPv4 via CloudFlare
Your IP was updated at Mon Nov 24 11:33:15 UTC 2025 to IPv4: 18.207.128.226
Detecting IPv4 via CloudFlare
DuckDNS request at Mon Nov 24 11:38:18 UTC 2025 successful. IP(s) unchanged.
Detecting IPv4 via CloudFlare
DuckDNS request at Mon Nov 24 11:42:54 UTC 2025 successful. IP(s) unchanged.
Detecting IPv4 via CloudFlare
Your IP was updated at Mon Nov 24 14:34:14 UTC 2025 to IPv4: 34.229.139.186
Detecting IPv4 via CloudFlare
DuckDNS request at Mon Nov 24 14:38:17 UTC 2025 successful. IP(s) unchanged.
Detecting IPv4 via CloudFlare
DuckDNS request at Mon Nov 24 14:42:21 UTC 2025 successful. IP(s) unchanged.
Detecting IPv4 via CloudFlare
DuckDNS request at Mon Nov 24 14:48:56 UTC 2025 successful. IP(s) unchanged.
Detecting IPv4 via CloudFlare
DuckDNS request at Mon Nov 24 14:53:08 UTC 2025 successful. IP(s) unchanged.
Detecting IPv4 via CloudFlare
DuckDNS request at Mon Nov 24 14:58:01 UTC 2025 successful. IP(s) unchanged.
Detecting IPv4 via CloudFlare
DuckDNS request at Mon Nov 24 15:01:03 UTC 2025 successful. IP(s) unchanged.
Detecting IPv4 via CloudFlare
DuckDNS request at Mon Nov 24 15:06:29 UTC 2025 successful. IP(s) unchanged.
Detecting IPv4 via CloudFlare
DuckDNS request at Mon Nov 24 15:12:46 UTC 2025 successful. IP(s) unchanged.
Detecting IPv4 via CloudFlare
DuckDNS request at Mon Nov 24 15:17:50 UTC 2025 successful. IP(s) unchanged.
Detecting IPv4 via CloudFlare
DuckDNS request at Mon Nov 24 15:23:29 UTC 2025 successful. IP(s) unchanged.
Detecting IPv4 via CloudFlare
DuckDNS request at Mon Nov 24 15:26:28 UTC 2025 successful. IP(s) unchanged.
Detecting IPv4 via CloudFlare
DuckDNS request at Mon Nov 24 15:33:59 UTC 2025 successful. IP(s) unchanged.
Detecting IPv4 via CloudFlare
DuckDNS request at Mon Nov 24 15:39:34 UTC 2025 successful. IP(s) unchanged.
Detecting IPv4 via CloudFlare
DuckDNS request at Mon Nov 24 15:42:19 UTC 2025 successful. IP(s) unchanged.
Detecting IPv4 via CloudFlare
DuckDNS request at Mon Nov 24 15:46:59 UTC 2025 successful. IP(s) unchanged.
Detecting IPv4 via CloudFlare
DuckDNS request at Mon Nov 24 15:54:08 UTC 2025 successful. IP(s) unchanged.
Detecting IPv4 via CloudFlare
DuckDNS request at Mon Nov 24 15:57:14 UTC 2025 successful. IP(s) unchanged.
Detecting IPv4 via CloudFlare
DuckDNS request at Mon Nov 24 16:03:28 UTC 2025 successful. IP(s) unchanged.
Detecting IPv4 via CloudFlare
DuckDNS request at Mon Nov 24 16:06:22 UTC 2025 successful. IP(s) unchanged.
Detecting IPv4 via CloudFlare
DuckDNS request at Mon Nov 24 16:12:36 UTC 2025 successful. IP(s) unchanged.
Detecting IPv4 via CloudFlare
DuckDNS request at Mon Nov 24 16:19:16 UTC 2025 successful. IP(s) unchanged.
Detecting IPv4 via CloudFlare
Your IP was updated at Mon Dec  1 15:15:58 UTC 2025 to IPv4: 98.84.119.126
Detecting IPv4 via CloudFlare
DuckDNS request at Mon Dec  1 15:23:58 UTC 2025 successful. IP(s) unchanged.
Detecting IPv4 via CloudFlare
DuckDNS request at Mon Dec  1 15:28:40 UTC 2025 successful. IP(s) unchanged.
Detecting IPv4 via CloudFlare
DuckDNS request at Mon Dec  1 15:34:17 UTC 2025 successful. IP(s) unchanged.
Detecting IPv4 via CloudFlare
DuckDNS request at Mon Dec  1 15:36:37 UTC 2025 successful. IP(s) unchanged.
Detecting IPv4 via CloudFlare
DuckDNS request at Mon Dec  1 15:44:26 UTC 2025 successful. IP(s) unchanged.
Detecting IPv4 via CloudFlare
DuckDNS request at Mon Dec  1 15:46:43 UTC 2025 successful. IP(s) unchanged.
Detecting IPv4 via CloudFlare
DuckDNS request at Mon Dec  1 15:52:57 UTC 2025 successful. IP(s) unchanged.
Detecting IPv4 via CloudFlare
DuckDNS request at Mon Dec  1 15:58:51 UTC 2025 successful. IP(s) unchanged.
Detecting IPv4 via CloudFlare
DuckDNS request at Mon Dec  1 16:04:07 UTC 2025 successful. IP(s) unchanged.
Detecting IPv4 via CloudFlare
DuckDNS request at Mon Dec  1 16:09:43 UTC 2025 successful. IP(s) unchanged.
Detecting IPv4 via CloudFlare
DuckDNS request at Mon Dec  1 16:11:21 UTC 2025 successful. IP(s) unchanged.
Detecting IPv4 via CloudFlare
DuckDNS request at Mon Dec  1 16:18:05 UTC 2025 successful. IP(s) unchanged.
Detecting IPv4 via CloudFlare
Your IP was updated at Thu Dec  4 16:45:30 UTC 2025 to IPv4: 174.129.48.216
Detecting IPv4 via CloudFlare
DuckDNS request at Thu Dec  4 16:52:04 UTC 2025 successful. IP(s) unchanged.
Detecting IPv4 via CloudFlare
DuckDNS request at Thu Dec  4 16:57:03 UTC 2025 successful. IP(s) unchanged.
Detecting IPv4 via CloudFlare
DuckDNS request at Thu Dec  4 17:03:05 UTC 2025 successful. IP(s) unchanged.
Detecting IPv4 via CloudFlare
DuckDNS request at Thu Dec  4 17:06:50 UTC 2025 successful. IP(s) unchanged.
Detecting IPv4 via CloudFlare
DuckDNS request at Thu Dec  4 17:12:11 UTC 2025 successful. IP(s) unchanged.
Detecting IPv4 via CloudFlare
DuckDNS request at Thu Dec  4 17:18:56 UTC 2025 successful. IP(s) unchanged.
Detecting IPv4 via CloudFlare
DuckDNS request at Thu Dec  4 17:22:52 UTC 2025 successful. IP(s) unchanged.
Detecting IPv4 via CloudFlare
DuckDNS request at Thu Dec  4 17:28:21 UTC 2025 successful. IP(s) unchanged.
Detecting IPv4 via CloudFlare
DuckDNS request at Thu Dec  4 17:33:04 UTC 2025 successful. IP(s) unchanged.
Detecting IPv4 via CloudFlare
DuckDNS request at Thu Dec  4 17:39:42 UTC 2025 successful. IP(s) unchanged.
Detecting IPv4 via CloudFlare
DuckDNS request at Thu Dec  4 17:41:36 UTC 2025 successful. IP(s) unchanged.
Detecting IPv4 via CloudFlare
DuckDNS request at Thu Dec  4 17:47:33 UTC 2025 successful. IP(s) unchanged.
Detecting IPv4 via CloudFlare
DuckDNS request at Thu Dec  4 17:54:10 UTC 2025 successful. IP(s) unchanged.
Detecting IPv4 via CloudFlare
DuckDNS request at Thu Dec  4 17:56:35 UTC 2025 successful. IP(s) unchanged.
Detecting IPv4 via CloudFlare
DuckDNS request at Thu Dec  4 18:04:49 UTC 2025 successful. IP(s) unchanged.
Detecting IPv4 via CloudFlare
DuckDNS request at Thu Dec  4 18:06:59 UTC 2025 successful. IP(s) unchanged.
Detecting IPv4 via CloudFlare
DuckDNS request at Thu Dec  4 18:12:24 UTC 2025 successful. IP(s) unchanged.
Detecting IPv4 via CloudFlare
DuckDNS request at Thu Dec  4 18:17:27 UTC 2025 successful. IP(s) unchanged.
Detecting IPv4 via CloudFlare
DuckDNS request at Thu Dec  4 18:21:49 UTC 2025 successful. IP(s) unchanged.
Detecting IPv4 via CloudFlare
DuckDNS request at Thu Dec  4 18:29:00 UTC 2025 successful. IP(s) unchanged.
Detecting IPv4 via CloudFlare
DuckDNS request at Thu Dec  4 18:33:54 UTC 2025 successful. IP(s) unchanged.
Detecting IPv4 via CloudFlare
DuckDNS request at Thu Dec  4 18:38:55 UTC 2025 successful. IP(s) unchanged.
Detecting IPv4 via CloudFlare
Your IP was updated at Thu Dec 11 11:12:22 UTC 2025 to IPv4: 44.223.63.4
Detecting IPv4 via CloudFlare
DuckDNS request at Thu Dec 11 11:17:50 UTC 2025 successful. IP(s) unchanged.
Detecting IPv4 via CloudFlare
DuckDNS request at Thu Dec 11 11:23:05 UTC 2025 successful. IP(s) unchanged.
Detecting IPv4 via CloudFlare
DuckDNS request at Thu Dec 11 11:29:14 UTC 2025 successful. IP(s) unchanged.
Detecting IPv4 via CloudFlare
DuckDNS request at Thu Dec 11 11:31:28 UTC 2025 successful. IP(s) unchanged.
Detecting IPv4 via CloudFlare
DuckDNS request at Thu Dec 11 11:38:12 UTC 2025 successful. IP(s) unchanged.
Detecting IPv4 via CloudFlare
DuckDNS request at Thu Dec 11 11:43:43 UTC 2025 successful. IP(s) unchanged.
Detecting IPv4 via CloudFlare
DuckDNS request at Thu Dec 11 11:48:52 UTC 2025 successful. IP(s) unchanged.
Detecting IPv4 via CloudFlare
DuckDNS request at Thu Dec 11 11:51:46 UTC 2025 successful. IP(s) unchanged.
Detecting IPv4 via CloudFlare
DuckDNS request at Thu Dec 11 11:57:15 UTC 2025 successful. IP(s) unchanged.
Detecting IPv4 via CloudFlare
DuckDNS request at Thu Dec 11 12:02:00 UTC 2025 successful. IP(s) unchanged.
Detecting IPv4 via CloudFlare
DuckDNS request at Thu Dec 11 12:07:53 UTC 2025 successful. IP(s) unchanged.
Detecting IPv4 via CloudFlare
DuckDNS request at Thu Dec 11 12:11:21 UTC 2025 successful. IP(s) unchanged.
Detecting IPv4 via CloudFlare
DuckDNS request at Thu Dec 11 12:17:40 UTC 2025 successful. IP(s) unchanged.
Detecting IPv4 via CloudFlare
DuckDNS request at Thu Dec 11 12:24:38 UTC 2025 successful. IP(s) unchanged.
Detecting IPv4 via CloudFlare
DuckDNS request at Thu Dec 11 12:28:54 UTC 2025 successful. IP(s) unchanged.
Detecting IPv4 via CloudFlare
DuckDNS request at Thu Dec 11 12:34:36 UTC 2025 successful. IP(s) unchanged.
Detecting IPv4 via CloudFlare
DuckDNS request at Thu Dec 11 12:39:03 UTC 2025 successful. IP(s) unchanged.
Detecting IPv4 via CloudFlare
DuckDNS request at Thu Dec 11 12:41:16 UTC 2025 successful. IP(s) unchanged.
Detecting IPv4 via CloudFlare
DuckDNS request at Thu Dec 11 12:49:26 UTC 2025 successful. IP(s) unchanged.
Detecting IPv4 via CloudFlare
DuckDNS request at Thu Dec 11 12:53:59 UTC 2025 successful. IP(s) unchanged.
Detecting IPv4 via CloudFlare
DuckDNS request at Thu Dec 11 12:59:07 UTC 2025 successful. IP(s) unchanged.
Detecting IPv4 via CloudFlare
DuckDNS request at Thu Dec 11 13:01:12 UTC 2025 successful. IP(s) unchanged.
Detecting IPv4 via CloudFlare
DuckDNS request at Thu Dec 11 13:07:31 UTC 2025 successful. IP(s) unchanged.
Detecting IPv4 via CloudFlare
DuckDNS request at Thu Dec 11 13:12:51 UTC 2025 successful. IP(s) unchanged.
Detecting IPv4 via CloudFlare
DuckDNS request at Thu Dec 11 13:17:30 UTC 2025 successful. IP(s) unchanged.
Detecting IPv4 via CloudFlare
DuckDNS request at Thu Dec 11 13:22:39 UTC 2025 successful. IP(s) unchanged.
Detecting IPv4 via CloudFlare
DuckDNS request at Thu Dec 11 13:27:21 UTC 2025 successful. IP(s) unchanged.
Detecting IPv4 via CloudFlare
DuckDNS request at Thu Dec 11 13:32:41 UTC 2025 successful. IP(s) unchanged.
Detecting IPv4 via CloudFlare
DuckDNS request at Thu Dec 11 13:39:18 UTC 2025 successful. IP(s) unchanged.
Detecting IPv4 via CloudFlare
DuckDNS request at Thu Dec 11 13:41:48 UTC 2025 successful. IP(s) unchanged.
Detecting IPv4 via CloudFlare
DuckDNS request at Thu Dec 11 13:48:25 UTC 2025 successful. IP(s) unchanged.
Detecting IPv4 via CloudFlare
DuckDNS request at Thu Dec 11 13:52:03 UTC 2025 successful. IP(s) unchanged.
Detecting IPv4 via CloudFlare
DuckDNS request at Thu Dec 11 13:59:24 UTC 2025 successful. IP(s) unchanged.
Detecting IPv4 via CloudFlare
DuckDNS request at Thu Dec 11 14:02:19 UTC 2025 successful. IP(s) unchanged.
Detecting IPv4 via CloudFlare
DuckDNS request at Thu Dec 11 14:06:57 UTC 2025 successful. IP(s) unchanged.
Detecting IPv4 via CloudFlare
DuckDNS request at Thu Dec 11 14:13:40 UTC 2025 successful. IP(s) unchanged.
Detecting IPv4 via CloudFlare
DuckDNS request at Thu Dec 11 14:16:25 UTC 2025 successful. IP(s) unchanged.
Detecting IPv4 via CloudFlare
DuckDNS request at Thu Dec 11 14:22:50 UTC 2025 successful. IP(s) unchanged.
Detecting IPv4 via CloudFlare
DuckDNS request at Thu Dec 11 14:29:07 UTC 2025 successful. IP(s) unchanged.
Detecting IPv4 via CloudFlare
DuckDNS request at Thu Dec 11 14:33:37 UTC 2025 successful. IP(s) unchanged.
Detecting IPv4 via CloudFlare
DuckDNS request at Thu Dec 11 14:37:39 UTC 2025 successful. IP(s) unchanged.
Detecting IPv4 via CloudFlare
DuckDNS request at Thu Dec 11 14:41:27 UTC 2025 successful. IP(s) unchanged.
Detecting IPv4 via CloudFlare
DuckDNS request at Thu Dec 11 14:47:54 UTC 2025 successful. IP(s) unchanged.
Detecting IPv4 via CloudFlare
DuckDNS request at Thu Dec 11 14:52:08 UTC 2025 successful. IP(s) unchanged.
Detecting IPv4 via CloudFlare
DuckDNS request at Thu Dec 11 14:57:05 UTC 2025 successful. IP(s) unchanged.
Detecting IPv4 via CloudFlare
DuckDNS request at Thu Dec 11 15:02:25 UTC 2025 successful. IP(s) unchanged.
Detecting IPv4 via CloudFlare
DuckDNS request at Thu Dec 11 15:07:30 UTC 2025 successful. IP(s) unchanged.
Detecting IPv4 via CloudFlare
Your IP was updated at Thu Dec 11 16:32:09 UTC 2025 to IPv4: 54.210.207.96
Detecting IPv4 via CloudFlare
DuckDNS request at Thu Dec 11 16:38:08 UTC 2025 successful. IP(s) unchanged.
Detecting IPv4 via CloudFlare
DuckDNS request at Thu Dec 11 16:43:49 UTC 2025 successful. IP(s) unchanged.
Detecting IPv4 via CloudFlare
DuckDNS request at Thu Dec 11 16:47:39 UTC 2025 successful. IP(s) unchanged.
Detecting IPv4 via CloudFlare
DuckDNS request at Thu Dec 11 16:54:15 UTC 2025 successful. IP(s) unchanged.
Detecting IPv4 via CloudFlare
DuckDNS request at Thu Dec 11 16:59:32 UTC 2025 successful. IP(s) unchanged.
Detecting IPv4 via CloudFlare
DuckDNS request at Thu Dec 11 17:01:48 UTC 2025 successful. IP(s) unchanged.
Detecting IPv4 via CloudFlare
DuckDNS request at Thu Dec 11 17:06:38 UTC 2025 successful. IP(s) unchanged.
Detecting IPv4 via CloudFlare
DuckDNS request at Thu Dec 11 17:12:27 UTC 2025 successful. IP(s) unchanged.
Detecting IPv4 via CloudFlare
DuckDNS request at Thu Dec 11 17:17:04 UTC 2025 successful. IP(s) unchanged.
Detecting IPv4 via CloudFlare
DuckDNS request at Thu Dec 11 17:24:42 UTC 2025 successful. IP(s) unchanged.
Detecting IPv4 via CloudFlare
DuckDNS request at Thu Dec 11 17:26:39 UTC 2025 successful. IP(s) unchanged.
Detecting IPv4 via CloudFlare
DuckDNS request at Thu Dec 11 17:31:49 UTC 2025 successful. IP(s) unchanged.
Detecting IPv4 via CloudFlare
DuckDNS request at Thu Dec 11 17:38:44 UTC 2025 successful. IP(s) unchanged.
Detecting IPv4 via CloudFlare
DuckDNS request at Thu Dec 11 17:42:35 UTC 2025 successful. IP(s) unchanged.
Detecting IPv4 via CloudFlare
DuckDNS request at Thu Dec 11 17:48:13 UTC 2025 successful. IP(s) unchanged.
Detecting IPv4 via CloudFlare
DuckDNS request at Thu Dec 11 17:53:00 UTC 2025 successful. IP(s) unchanged.
Detecting IPv4 via CloudFlare
DuckDNS request at Thu Dec 11 17:57:49 UTC 2025 successful. IP(s) unchanged.
Detecting IPv4 via CloudFlare
DuckDNS request at Thu Dec 11 18:03:30 UTC 2025 successful. IP(s) unchanged.
Detecting IPv4 via CloudFlare
DuckDNS request at Thu Dec 11 18:07:20 UTC 2025 successful. IP(s) unchanged.
Detecting IPv4 via CloudFlare
DuckDNS request at Thu Dec 11 18:14:12 UTC 2025 successful. IP(s) unchanged.
Detecting IPv4 via CloudFlare
DuckDNS request at Thu Dec 11 18:18:09 UTC 2025 successful. IP(s) unchanged.
Detecting IPv4 via CloudFlare
DuckDNS request at Thu Dec 11 18:22:43 UTC 2025 successful. IP(s) unchanged.
Detecting IPv4 via CloudFlare
DuckDNS request at Thu Dec 11 18:28:08 UTC 2025 successful. IP(s) unchanged.
Detecting IPv4 via CloudFlare
DuckDNS request at Thu Dec 11 18:34:45 UTC 2025 successful. IP(s) unchanged.
Detecting IPv4 via CloudFlare
DuckDNS request at Thu Dec 11 18:38:57 UTC 2025 successful. IP(s) unchanged.
Detecting IPv4 via CloudFlare
Your IP was updated at Mon Dec 15 14:47:17 UTC 2025 to IPv4: 52.91.91.214
Detecting IPv4 via CloudFlare
DuckDNS request at Mon Dec 15 14:52:16 UTC 2025 successful. IP(s) unchanged.
Detecting IPv4 via CloudFlare
DuckDNS request at Mon Dec 15 14:57:31 UTC 2025 successful. IP(s) unchanged.
Detecting IPv4 via CloudFlare
DuckDNS request at Mon Dec 15 15:02:04 UTC 2025 successful. IP(s) unchanged.
Detecting IPv4 via CloudFlare
DuckDNS request at Mon Dec 15 15:07:06 UTC 2025 successful. IP(s) unchanged.
Detecting IPv4 via CloudFlare
DuckDNS request at Mon Dec 15 15:13:49 UTC 2025 successful. IP(s) unchanged.
Detecting IPv4 via CloudFlare
DuckDNS request at Mon Dec 15 15:16:57 UTC 2025 successful. IP(s) unchanged.
Detecting IPv4 via CloudFlare
DuckDNS request at Mon Dec 15 15:21:55 UTC 2025 successful. IP(s) unchanged.
Detecting IPv4 via CloudFlare
DuckDNS request at Mon Dec 15 15:26:47 UTC 2025 successful. IP(s) unchanged.
Detecting IPv4 via CloudFlare
DuckDNS request at Mon Dec 15 15:31:49 UTC 2025 successful. IP(s) unchanged.
Detecting IPv4 via CloudFlare
DuckDNS request at Mon Dec 15 15:37:50 UTC 2025 successful. IP(s) unchanged.
Detecting IPv4 via CloudFlare
DuckDNS request at Mon Dec 15 15:41:03 UTC 2025 successful. IP(s) unchanged.
Detecting IPv4 via CloudFlare
DuckDNS request at Mon Dec 15 15:49:12 UTC 2025 successful. IP(s) unchanged.
Detecting IPv4 via CloudFlare
DuckDNS request at Mon Dec 15 15:51:57 UTC 2025 successful. IP(s) unchanged.
Detecting IPv4 via CloudFlare
DuckDNS request at Mon Dec 15 15:57:35 UTC 2025 successful. IP(s) unchanged.
Detecting IPv4 via CloudFlare
DuckDNS request at Mon Dec 15 16:02:08 UTC 2025 successful. IP(s) unchanged.
Detecting IPv4 via CloudFlare
DuckDNS request at Mon Dec 15 16:07:02 UTC 2025 successful. IP(s) unchanged.
Detecting IPv4 via CloudFlare
DuckDNS request at Mon Dec 15 16:12:11 UTC 2025 successful. IP(s) unchanged.
Detecting IPv4 via CloudFlare
DuckDNS request at Mon Dec 15 16:18:38 UTC 2025 successful. IP(s) unchanged.
Detecting IPv4 via CloudFlare
Your IP was updated at Tue Dec 23 19:25:07 UTC 2025 to IPv4: 54.196.181.96
Detecting IPv4 via CloudFlare
DuckDNS request at Tue Dec 23 19:31:22 UTC 2025 successful. IP(s) unchanged.
Detecting IPv4 via CloudFlare
DuckDNS request at Tue Dec 23 19:37:20 UTC 2025 successful. IP(s) unchanged.
Detecting IPv4 via CloudFlare
DuckDNS request at Tue Dec 23 19:43:13 UTC 2025 successful. IP(s) unchanged.
Detecting IPv4 via CloudFlare
DuckDNS request at Tue Dec 23 19:46:14 UTC 2025 successful. IP(s) unchanged.
Detecting IPv4 via CloudFlare
DuckDNS request at Tue Dec 23 19:53:55 UTC 2025 successful. IP(s) unchanged.
Detecting IPv4 via CloudFlare
DuckDNS request at Tue Dec 23 19:59:01 UTC 2025 successful. IP(s) unchanged.
Detecting IPv4 via CloudFlare
DuckDNS request at Tue Dec 23 20:01:39 UTC 2025 successful. IP(s) unchanged.
Detecting IPv4 via CloudFlare
DuckDNS request at Tue Dec 23 20:09:47 UTC 2025 successful. IP(s) unchanged.
Detecting IPv4 via CloudFlare
DuckDNS request at Tue Dec 23 20:13:02 UTC 2025 successful. IP(s) unchanged.
Detecting IPv4 via CloudFlare
DuckDNS request at Tue Dec 23 20:17:26 UTC 2025 successful. IP(s) unchanged.
Detecting IPv4 via CloudFlare
DuckDNS request at Tue Dec 23 20:23:44 UTC 2025 successful. IP(s) unchanged.
Detecting IPv4 via CloudFlare
DuckDNS request at Tue Dec 23 20:29:33 UTC 2025 successful. IP(s) unchanged.
Detecting IPv4 via CloudFlare
DuckDNS request at Tue Dec 23 20:33:06 UTC 2025 successful. IP(s) unchanged.
Detecting IPv4 via CloudFlare
DuckDNS request at Tue Dec 23 20:37:55 UTC 2025 successful. IP(s) unchanged.
Detecting IPv4 via CloudFlare
DuckDNS request at Tue Dec 23 20:41:18 UTC 2025 successful. IP(s) unchanged.
Detecting IPv4 via CloudFlare
DuckDNS request at Tue Dec 23 20:47:12 UTC 2025 successful. IP(s) unchanged.
Detecting IPv4 via CloudFlare
DuckDNS request at Tue Dec 23 20:52:30 UTC 2025 successful. IP(s) unchanged.
Detecting IPv4 via CloudFlare
DuckDNS request at Tue Dec 23 20:57:14 UTC 2025 successful. IP(s) unchanged.
Detecting IPv4 via CloudFlare
DuckDNS request at Tue Dec 23 21:04:27 UTC 2025 successful. IP(s) unchanged.
Detecting IPv4 via CloudFlare
DuckDNS request at Tue Dec 23 21:08:31 UTC 2025 successful. IP(s) unchanged.
Detecting IPv4 via CloudFlare
DuckDNS request at Tue Dec 23 21:12:45 UTC 2025 successful. IP(s) unchanged.
Detecting IPv4 via CloudFlare
DuckDNS request at Tue Dec 23 21:16:32 UTC 2025 successful. IP(s) unchanged.
Detecting IPv4 via CloudFlare
DuckDNS request at Tue Dec 23 21:23:50 UTC 2025 successful. IP(s) unchanged.
Detecting IPv4 via CloudFlare
DuckDNS request at Tue Dec 23 21:27:59 UTC 2025 successful. IP(s) unchanged.
Detecting IPv4 via CloudFlare
DuckDNS request at Tue Dec 23 21:33:25 UTC 2025 successful. IP(s) unchanged.
Detecting IPv4 via CloudFlare
DuckDNS request at Tue Dec 23 21:39:50 UTC 2025 successful. IP(s) unchanged.
Detecting IPv4 via CloudFlare
DuckDNS request at Tue Dec 23 21:44:44 UTC 2025 successful. IP(s) unchanged.
Detecting IPv4 via CloudFlare
DuckDNS request at Tue Dec 23 21:46:50 UTC 2025 successful. IP(s) unchanged.
Detecting IPv4 via CloudFlare
DuckDNS request at Tue Dec 23 21:52:48 UTC 2025 successful. IP(s) unchanged.
Detecting IPv4 via CloudFlare
DuckDNS request at Tue Dec 23 21:57:52 UTC 2025 successful. IP(s) unchanged.
Detecting IPv4 via CloudFlare
DuckDNS request at Tue Dec 23 22:03:07 UTC 2025 successful. IP(s) unchanged.
Detecting IPv4 via CloudFlare
DuckDNS request at Tue Dec 23 22:07:19 UTC 2025 successful. IP(s) unchanged.
Detecting IPv4 via CloudFlare
DuckDNS request at Tue Dec 23 22:14:26 UTC 2025 successful. IP(s) unchanged.
Detecting IPv4 via CloudFlare
DuckDNS request at Tue Dec 23 22:16:07 UTC 2025 successful. IP(s) unchanged.
Detecting IPv4 via CloudFlare
DuckDNS request at Tue Dec 23 22:22:48 UTC 2025 successful. IP(s) unchanged.
Detecting IPv4 via CloudFlare
DuckDNS request at Tue Dec 23 22:29:50 UTC 2025 successful. IP(s) unchanged.
Detecting IPv4 via CloudFlare
DuckDNS request at Tue Dec 23 22:34:08 UTC 2025 successful. IP(s) unchanged.
Detecting IPv4 via CloudFlare
DuckDNS request at Tue Dec 23 22:39:39 UTC 2025 successful. IP(s) unchanged.
Detecting IPv4 via CloudFlare
DuckDNS request at Tue Dec 23 22:42:06 UTC 2025 successful. IP(s) unchanged.
Detecting IPv4 via CloudFlare
DuckDNS request at Tue Dec 23 22:49:19 UTC 2025 successful. IP(s) unchanged.
Detecting IPv4 via CloudFlare
DuckDNS request at Tue Dec 23 22:53:24 UTC 2025 successful. IP(s) unchanged.
Detecting IPv4 via CloudFlare
DuckDNS request at Tue Dec 23 22:58:57 UTC 2025 successful. IP(s) unchanged.
Detecting IPv4 via CloudFlare
DuckDNS request at Tue Dec 23 23:04:23 UTC 2025 successful. IP(s) unchanged.
Detecting IPv4 via CloudFlare
DuckDNS request at Tue Dec 23 23:07:10 UTC 2025 successful. IP(s) unchanged.
Detecting IPv4 via CloudFlare
DuckDNS request at Tue Dec 23 23:11:30 UTC 2025 successful. IP(s) unchanged.
Detecting IPv4 via CloudFlare
DuckDNS request at Tue Dec 23 23:17:49 UTC 2025 successful. IP(s) unchanged.
Detecting IPv4 via CloudFlare
DuckDNS request at Tue Dec 23 23:23:48 UTC 2025 successful. IP(s) unchanged.
Detecting IPv4 via CloudFlare
Your IP was updated at Fri Dec 26 19:15:22 UTC 2025 to IPv4: 13.217.194.43
Detecting IPv4 via CloudFlare
DuckDNS request at Fri Dec 26 19:21:02 UTC 2025 successful. IP(s) unchanged.
Detecting IPv4 via CloudFlare
DuckDNS request at Fri Dec 26 19:27:47 UTC 2025 successful. IP(s) unchanged.
Detecting IPv4 via CloudFlare
DuckDNS request at Fri Dec 26 19:32:51 UTC 2025 successful. IP(s) unchanged.
Detecting IPv4 via CloudFlare
DuckDNS request at Fri Dec 26 19:39:35 UTC 2025 successful. IP(s) unchanged.
Detecting IPv4 via CloudFlare
DuckDNS request at Fri Dec 26 19:43:03 UTC 2025 successful. IP(s) unchanged.
Detecting IPv4 via CloudFlare
DuckDNS request at Fri Dec 26 19:47:10 UTC 2025 successful. IP(s) unchanged.
Detecting IPv4 via CloudFlare
DuckDNS request at Fri Dec 26 19:52:22 UTC 2025 successful. IP(s) unchanged.
Detecting IPv4 via CloudFlare
DuckDNS request at Fri Dec 26 19:59:48 UTC 2025 successful. IP(s) unchanged.
Detecting IPv4 via CloudFlare
DuckDNS request at Fri Dec 26 20:01:32 UTC 2025 successful. IP(s) unchanged.
Detecting IPv4 via CloudFlare
DuckDNS request at Fri Dec 26 20:09:45 UTC 2025 successful. IP(s) unchanged.
Detecting IPv4 via CloudFlare
DuckDNS request at Fri Dec 26 20:11:52 UTC 2025 successful. IP(s) unchanged.
Detecting IPv4 via CloudFlare
DuckDNS request at Fri Dec 26 20:17:32 UTC 2025 successful. IP(s) unchanged.
Detecting IPv4 via CloudFlare
DuckDNS request at Fri Dec 26 20:23:23 UTC 2025 successful. IP(s) unchanged.
Detecting IPv4 via CloudFlare
DuckDNS request at Fri Dec 26 20:28:20 UTC 2025 successful. IP(s) unchanged.
Detecting IPv4 via CloudFlare
DuckDNS request at Fri Dec 26 20:34:15 UTC 2025 successful. IP(s) unchanged.
Detecting IPv4 via CloudFlare
DuckDNS request at Fri Dec 26 20:39:49 UTC 2025 successful. IP(s) unchanged.
Detecting IPv4 via CloudFlare
DuckDNS request at Fri Dec 26 20:42:13 UTC 2025 successful. IP(s) unchanged.
Detecting IPv4 via CloudFlare
DuckDNS request at Fri Dec 26 20:48:07 UTC 2025 successful. IP(s) unchanged.
Detecting IPv4 via CloudFlare
DuckDNS request at Fri Dec 26 20:52:39 UTC 2025 successful. IP(s) unchanged.
Detecting IPv4 via CloudFlare
DuckDNS request at Fri Dec 26 20:57:34 UTC 2025 successful. IP(s) unchanged.
Detecting IPv4 via CloudFlare
DuckDNS request at Fri Dec 26 21:02:14 UTC 2025 successful. IP(s) unchanged.
Detecting IPv4 via CloudFlare
DuckDNS request at Fri Dec 26 21:08:14 UTC 2025 successful. IP(s) unchanged.
Detecting IPv4 via CloudFlare
DuckDNS request at Fri Dec 26 21:14:33 UTC 2025 successful. IP(s) unchanged.
Detecting IPv4 via CloudFlare
DuckDNS request at Fri Dec 26 21:16:06 UTC 2025 successful. IP(s) unchanged.
Detecting IPv4 via CloudFlare
DuckDNS request at Fri Dec 26 21:22:33 UTC 2025 successful. IP(s) unchanged.
Detecting IPv4 via CloudFlare
DuckDNS request at Fri Dec 26 21:29:43 UTC 2025 successful. IP(s) unchanged.
Detecting IPv4 via CloudFlare
DuckDNS request at Fri Dec 26 21:31:36 UTC 2025 successful. IP(s) unchanged.
Detecting IPv4 via CloudFlare
DuckDNS request at Fri Dec 26 21:36:59 UTC 2025 successful. IP(s) unchanged.
Detecting IPv4 via CloudFlare
DuckDNS request at Fri Dec 26 21:43:53 UTC 2025 successful. IP(s) unchanged.
Detecting IPv4 via CloudFlare
DuckDNS request at Fri Dec 26 21:49:43 UTC 2025 successful. IP(s) unchanged.
Detecting IPv4 via CloudFlare
DuckDNS request at Fri Dec 26 21:53:06 UTC 2025 successful. IP(s) unchanged.
Detecting IPv4 via CloudFlare
Your IP was updated at Sat Dec 27 17:40:50 UTC 2025 to IPv4: 98.81.197.0
Detecting IPv4 via CloudFlare
DuckDNS request at Sat Dec 27 17:49:26 UTC 2025 successful. IP(s) unchanged.
Detecting IPv4 via CloudFlare
DuckDNS request at Sat Dec 27 17:53:38 UTC 2025 successful. IP(s) unchanged.
Detecting IPv4 via CloudFlare
DuckDNS request at Sat Dec 27 17:58:34 UTC 2025 successful. IP(s) unchanged.
Detecting IPv4 via CloudFlare
DuckDNS request at Sat Dec 27 18:02:40 UTC 2025 successful. IP(s) unchanged.
Detecting IPv4 via CloudFlare
DuckDNS request at Sat Dec 27 18:09:33 UTC 2025 successful. IP(s) unchanged.
Detecting IPv4 via CloudFlare
DuckDNS request at Sat Dec 27 18:13:36 UTC 2025 successful. IP(s) unchanged.
Detecting IPv4 via CloudFlare
DuckDNS request at Sat Dec 27 18:16:31 UTC 2025 successful. IP(s) unchanged.
Detecting IPv4 via CloudFlare
DuckDNS request at Sat Dec 27 18:24:37 UTC 2025 successful. IP(s) unchanged.
Detecting IPv4 via CloudFlare
DuckDNS request at Sat Dec 27 18:29:49 UTC 2025 successful. IP(s) unchanged.
Detecting IPv4 via CloudFlare
DuckDNS request at Sat Dec 27 18:33:49 UTC 2025 successful. IP(s) unchanged.
Detecting IPv4 via CloudFlare
DuckDNS request at Sat Dec 27 18:36:08 UTC 2025 successful. IP(s) unchanged.
Detecting IPv4 via CloudFlare
DuckDNS request at Sat Dec 27 18:42:25 UTC 2025 successful. IP(s) unchanged.
Detecting IPv4 via CloudFlare
DuckDNS request at Sat Dec 27 18:48:36 UTC 2025 successful. IP(s) unchanged.
Detecting IPv4 via CloudFlare
DuckDNS request at Sat Dec 27 18:53:11 UTC 2025 successful. IP(s) unchanged.
Detecting IPv4 via CloudFlare
DuckDNS request at Sat Dec 27 18:59:20 UTC 2025 successful. IP(s) unchanged.
Detecting IPv4 via CloudFlare
DuckDNS request at Sat Dec 27 19:03:02 UTC 2025 successful. IP(s) unchanged.
Detecting IPv4 via CloudFlare
DuckDNS request at Sat Dec 27 19:07:41 UTC 2025 successful. IP(s) unchanged.
Detecting IPv4 via CloudFlare
DuckDNS request at Sat Dec 27 19:13:34 UTC 2025 successful. IP(s) unchanged.
Detecting IPv4 via CloudFlare
DuckDNS request at Sat Dec 27 19:17:06 UTC 2025 successful. IP(s) unchanged.
Detecting IPv4 via CloudFlare
DuckDNS request at Sat Dec 27 19:24:39 UTC 2025 successful. IP(s) unchanged.
Detecting IPv4 via CloudFlare
DuckDNS request at Sat Dec 27 19:29:18 UTC 2025 successful. IP(s) unchanged.
Detecting IPv4 via CloudFlare
DuckDNS request at Sat Dec 27 19:32:04 UTC 2025 successful. IP(s) unchanged.
Detecting IPv4 via CloudFlare
DuckDNS request at Sat Dec 27 19:38:36 UTC 2025 successful. IP(s) unchanged.
Detecting IPv4 via CloudFlare
DuckDNS request at Sat Dec 27 19:41:03 UTC 2025 successful. IP(s) unchanged.
Detecting IPv4 via CloudFlare
DuckDNS request at Sat Dec 27 19:46:48 UTC 2025 successful. IP(s) unchanged.
Detecting IPv4 via CloudFlare
DuckDNS request at Sat Dec 27 19:52:23 UTC 2025 successful. IP(s) unchanged.
Detecting IPv4 via CloudFlare
DuckDNS request at Sat Dec 27 19:56:35 UTC 2025 successful. IP(s) unchanged.
Detecting IPv4 via CloudFlare
DuckDNS request at Sat Dec 27 20:02:37 UTC 2025 successful. IP(s) unchanged.
Detecting IPv4 via CloudFlare
DuckDNS request at Sat Dec 27 20:06:57 UTC 2025 successful. IP(s) unchanged.
Detecting IPv4 via CloudFlare
DuckDNS request at Sat Dec 27 20:11:36 UTC 2025 successful. IP(s) unchanged.
Detecting IPv4 via CloudFlare
DuckDNS request at Sat Dec 27 20:16:12 UTC 2025 successful. IP(s) unchanged.
Detecting IPv4 via CloudFlare
DuckDNS request at Sat Dec 27 20:21:42 UTC 2025 successful. IP(s) unchanged.
Detecting IPv4 via CloudFlare
DuckDNS request at Sat Dec 27 20:26:59 UTC 2025 successful. IP(s) unchanged.
Detecting IPv4 via CloudFlare
DuckDNS request at Sat Dec 27 20:34:25 UTC 2025 successful. IP(s) unchanged.
Detecting IPv4 via CloudFlare
DuckDNS request at Sat Dec 27 20:37:20 UTC 2025 successful. IP(s) unchanged.
Detecting IPv4 via CloudFlare
DuckDNS request at Sat Dec 27 20:41:50 UTC 2025 successful. IP(s) unchanged.
Detecting IPv4 via CloudFlare
DuckDNS request at Sat Dec 27 20:49:27 UTC 2025 successful. IP(s) unchanged.
Detecting IPv4 via CloudFlare
DuckDNS request at Sat Dec 27 20:51:04 UTC 2025 successful. IP(s) unchanged.
Detecting IPv4 via CloudFlare
DuckDNS request at Sat Dec 27 20:58:06 UTC 2025 successful. IP(s) unchanged.
Detecting IPv4 via CloudFlare
DuckDNS request at Sat Dec 27 21:04:43 UTC 2025 successful. IP(s) unchanged.
Detecting IPv4 via CloudFlare
DuckDNS request at Sat Dec 27 21:08:00 UTC 2025 successful. IP(s) unchanged.
Detecting IPv4 via CloudFlare
DuckDNS request at Sat Dec 27 21:11:00 UTC 2025 successful. IP(s) unchanged.
Detecting IPv4 via CloudFlare
DuckDNS request at Sat Dec 27 21:17:55 UTC 2025 successful. IP(s) unchanged.
Detecting IPv4 via CloudFlare
DuckDNS request at Sat Dec 27 21:21:27 UTC 2025 successful. IP(s) unchanged.
Detecting IPv4 via CloudFlare
DuckDNS request at Sat Dec 27 21:27:04 UTC 2025 successful. IP(s) unchanged.
Detecting IPv4 via CloudFlare
DuckDNS request at Sat Dec 27 21:32:08 UTC 2025 successful. IP(s) unchanged.
Detecting IPv4 via CloudFlare
DuckDNS request at Sat Dec 27 21:36:21 UTC 2025 successful. IP(s) unchanged.
Detecting IPv4 via CloudFlare
Your IP was updated at Sun Dec 28 17:07:23 UTC 2025 to IPv4: 34.227.195.113
Detecting IPv4 via CloudFlare
DuckDNS request at Sun Dec 28 17:11:35 UTC 2025 successful. IP(s) unchanged.
Detecting IPv4 via CloudFlare
DuckDNS request at Sun Dec 28 17:16:29 UTC 2025 successful. IP(s) unchanged.
Detecting IPv4 via CloudFlare
DuckDNS request at Sun Dec 28 17:23:12 UTC 2025 successful. IP(s) unchanged.
Detecting IPv4 via CloudFlare
DuckDNS request at Sun Dec 28 17:29:45 UTC 2025 successful. IP(s) unchanged.
Detecting IPv4 via CloudFlare
DuckDNS request at Sun Dec 28 17:31:53 UTC 2025 successful. IP(s) unchanged.
Detecting IPv4 via CloudFlare
DuckDNS request at Sun Dec 28 17:38:17 UTC 2025 successful. IP(s) unchanged.
Detecting IPv4 via CloudFlare
DuckDNS request at Sun Dec 28 17:44:38 UTC 2025 successful. IP(s) unchanged.
Detecting IPv4 via CloudFlare
DuckDNS request at Sun Dec 28 17:48:54 UTC 2025 successful. IP(s) unchanged.
Detecting IPv4 via CloudFlare
DuckDNS request at Sun Dec 28 17:51:10 UTC 2025 successful. IP(s) unchanged.
Detecting IPv4 via CloudFlare
DuckDNS request at Sun Dec 28 17:57:50 UTC 2025 successful. IP(s) unchanged.
Detecting IPv4 via CloudFlare
DuckDNS request at Sun Dec 28 18:04:26 UTC 2025 successful. IP(s) unchanged.
Detecting IPv4 via CloudFlare
DuckDNS request at Sun Dec 28 18:08:38 UTC 2025 successful. IP(s) unchanged.
Detecting IPv4 via CloudFlare
DuckDNS request at Sun Dec 28 18:13:05 UTC 2025 successful. IP(s) unchanged.
Detecting IPv4 via CloudFlare
DuckDNS request at Sun Dec 28 18:17:00 UTC 2025 successful. IP(s) unchanged.
Detecting IPv4 via CloudFlare
DuckDNS request at Sun Dec 28 18:22:56 UTC 2025 successful. IP(s) unchanged.
Detecting IPv4 via CloudFlare
DuckDNS request at Sun Dec 28 18:27:44 UTC 2025 successful. IP(s) unchanged.
Detecting IPv4 via CloudFlare
DuckDNS request at Sun Dec 28 18:32:55 UTC 2025 successful. IP(s) unchanged.
Detecting IPv4 via CloudFlare
DuckDNS request at Sun Dec 28 18:39:15 UTC 2025 successful. IP(s) unchanged.
Detecting IPv4 via CloudFlare
DuckDNS request at Sun Dec 28 18:41:54 UTC 2025 successful. IP(s) unchanged.
Detecting IPv4 via CloudFlare
DuckDNS request at Sun Dec 28 18:46:55 UTC 2025 successful. IP(s) unchanged.
Detecting IPv4 via CloudFlare
Your IP was updated at Mon Dec 29 18:36:05 UTC 2025 to IPv4: 3.92.70.236
Detecting IPv4 via CloudFlare
DuckDNS request at Mon Dec 29 18:43:10 UTC 2025 successful. IP(s) unchanged.
Detecting IPv4 via CloudFlare
DuckDNS request at Mon Dec 29 18:47:42 UTC 2025 successful. IP(s) unchanged.
Detecting IPv4 via CloudFlare
DuckDNS request at Mon Dec 29 18:52:30 UTC 2025 successful. IP(s) unchanged.
Detecting IPv4 via CloudFlare
DuckDNS request at Mon Dec 29 18:56:08 UTC 2025 successful. IP(s) unchanged.
Detecting IPv4 via CloudFlare
DuckDNS request at Mon Dec 29 19:04:40 UTC 2025 successful. IP(s) unchanged.
Detecting IPv4 via CloudFlare
DuckDNS request at Mon Dec 29 19:06:33 UTC 2025 successful. IP(s) unchanged.
Detecting IPv4 via CloudFlare
DuckDNS request at Mon Dec 29 19:11:41 UTC 2025 successful. IP(s) unchanged.
Detecting IPv4 via CloudFlare
DuckDNS request at Mon Dec 29 19:18:25 UTC 2025 successful. IP(s) unchanged.
Detecting IPv4 via CloudFlare
DuckDNS request at Mon Dec 29 19:24:22 UTC 2025 successful. IP(s) unchanged.
Detecting IPv4 via CloudFlare
DuckDNS request at Mon Dec 29 19:27:54 UTC 2025 successful. IP(s) unchanged.
Detecting IPv4 via CloudFlare
DuckDNS request at Mon Dec 29 19:31:10 UTC 2025 successful. IP(s) unchanged.
Detecting IPv4 via CloudFlare
DuckDNS request at Mon Dec 29 19:39:13 UTC 2025 successful. IP(s) unchanged.
Detecting IPv4 via CloudFlare
DuckDNS request at Mon Dec 29 19:42:51 UTC 2025 successful. IP(s) unchanged.
Detecting IPv4 via CloudFlare
DuckDNS request at Mon Dec 29 19:46:41 UTC 2025 successful. IP(s) unchanged.
Detecting IPv4 via CloudFlare
DuckDNS request at Mon Dec 29 19:53:49 UTC 2025 successful. IP(s) unchanged.
Detecting IPv4 via CloudFlare
DuckDNS request at Mon Dec 29 19:56:17 UTC 2025 successful. IP(s) unchanged.
Detecting IPv4 via CloudFlare
DuckDNS request at Mon Dec 29 20:03:29 UTC 2025 successful. IP(s) unchanged.
Detecting IPv4 via CloudFlare
DuckDNS request at Mon Dec 29 20:09:34 UTC 2025 successful. IP(s) unchanged.
Detecting IPv4 via CloudFlare
DuckDNS request at Mon Dec 29 20:11:16 UTC 2025 successful. IP(s) unchanged.
Detecting IPv4 via CloudFlare
DuckDNS request at Mon Dec 29 20:16:52 UTC 2025 successful. IP(s) unchanged.
Detecting IPv4 via CloudFlare
DuckDNS request at Mon Dec 29 20:23:07 UTC 2025 successful. IP(s) unchanged.
Detecting IPv4 via CloudFlare
DuckDNS request at Mon Dec 29 20:27:51 UTC 2025 successful. IP(s) unchanged.
Detecting IPv4 via CloudFlare
DuckDNS request at Mon Dec 29 20:31:10 UTC 2025 successful. IP(s) unchanged.
Detecting IPv4 via CloudFlare
DuckDNS request at Mon Dec 29 20:37:26 UTC 2025 successful. IP(s) unchanged.
Detecting IPv4 via CloudFlare
DuckDNS request at Mon Dec 29 20:42:29 UTC 2025 successful. IP(s) unchanged.
Detecting IPv4 via CloudFlare
DuckDNS request at Mon Dec 29 20:48:33 UTC 2025 successful. IP(s) unchanged.
Detecting IPv4 via CloudFlare
DuckDNS request at Mon Dec 29 20:52:07 UTC 2025 successful. IP(s) unchanged.
Detecting IPv4 via CloudFlare
DuckDNS request at Mon Dec 29 20:56:43 UTC 2025 successful. IP(s) unchanged.
Detecting IPv4 via CloudFlare
DuckDNS request at Mon Dec 29 21:04:44 UTC 2025 successful. IP(s) unchanged.
Detecting IPv4 via CloudFlare
DuckDNS request at Mon Dec 29 21:09:08 UTC 2025 successful. IP(s) unchanged.
Detecting IPv4 via CloudFlare
DuckDNS request at Mon Dec 29 21:13:59 UTC 2025 successful. IP(s) unchanged.
Detecting IPv4 via CloudFlare
DuckDNS request at Mon Dec 29 21:18:56 UTC 2025 successful. IP(s) unchanged.
Detecting IPv4 via CloudFlare
DuckDNS request at Mon Dec 29 21:22:43 UTC 2025 successful. IP(s) unchanged.
Detecting IPv4 via CloudFlare
DuckDNS request at Mon Dec 29 21:26:14 UTC 2025 successful. IP(s) unchanged.
Detecting IPv4 via CloudFlare
DuckDNS request at Mon Dec 29 21:31:46 UTC 2025 successful. IP(s) unchanged.
Detecting IPv4 via CloudFlare
DuckDNS request at Mon Dec 29 21:38:28 UTC 2025 successful. IP(s) unchanged.
Detecting IPv4 via CloudFlare
DuckDNS request at Mon Dec 29 21:44:05 UTC 2025 successful. IP(s) unchanged.
Detecting IPv4 via CloudFlare
DuckDNS request at Mon Dec 29 21:47:11 UTC 2025 successful. IP(s) unchanged.
Detecting IPv4 via CloudFlare
DuckDNS request at Mon Dec 29 21:51:10 UTC 2025 successful. IP(s) unchanged.
Detecting IPv4 via CloudFlare
DuckDNS request at Mon Dec 29 21:57:53 UTC 2025 successful. IP(s) unchanged.
Detecting IPv4 via CloudFlare
DuckDNS request at Mon Dec 29 22:01:19 UTC 2025 successful. IP(s) unchanged.
